(0000) 3000  0011000000000000 (   5)                 .ORIG x3000
(3000) 4887  0100100010000111 (  10) MAIN            JSR   TEST
(3001) 495A  0100100101011010 (  22)                 JSR   STOP
(3002) 907F  1001000001111111 (  32) NEG             NOT   R0 R1
(3003) 1021  0001000000100001 (  33)                 ADD   R0 R0 #1
(3004) C1C0  1100000111000000 (  34)                 RET   
(3005) 1042  0001000001000010 (  42) PLUS            ADD   R0 R1 R2
(3006) C1C0  1100000111000000 (  43)                 RET   
(3007) 3405  0011010000000101 (  56) SUB             ST    R2 SUBR2
(3008) 94BF  1001010010111111 (  57)                 NOT   R2 R2
(3009) 14A1  0001010010100001 (  58)                 ADD   R2 R2 #1
(300A) 1042  0001000001000010 (  59)                 ADD   R0 R1 R2
(300B) 2401  0010010000000001 (  60)                 LD    R2 SUBR2
(300C) C1C0  1100000111000000 (  61)                 RET   
(300D) 0000  0000000000000000 (  64) SUBR2           .FILL x0000
(300E) 3211  0011001000010001 (  73) MULT            ST    R1 ORIGR1
(300F) 3411  0011010000010001 (  74)                 ST    R2 ORIGR2
(3010) 14A0  0001010010100000 (  76)                 ADD   R2 R2 #0
(3011) 0204  0000001000000100 (  77)                 BRP   POSR2
(3012) 927F  1001001001111111 (  80)                 NOT   R1 R1
(3013) 1261  0001001001100001 (  81)                 ADD   R1 R1 #1
(3014) 94BF  1001010010111111 (  82)                 NOT   R2 R2
(3015) 14A1  0001010010100001 (  83)                 ADD   R2 R2 #1
(3016) 5020  0101000000100000 (  86) POSR2           AND   R0 R0 #0
(3017) 14A0  0001010010100000 (  87)                 ADD   R2 R2 #0
(3018) 0404  0000010000000100 (  88)                 BRZ   RESETT
(3019) 0A00  0000101000000000 (  89)                 BRNP  LOOP
(301A) 1001  0001000000000001 (  91) LOOP            ADD   R0 R0 R1
(301B) 14BF  0001010010111111 (  92)                 ADD   R2 R2 #-1
(301C) 03FD  0000001111111101 (  93)                 BRP   LOOP
(301D) 2202  0010001000000010 (  95) RESETT          LD    R1 ORIGR1
(301E) 2402  0010010000000010 (  96)                 LD    R2 ORIGR2
(301F) C1C0  1100000111000000 (  99)                 RET   
(3020) 0000  0000000000000000 ( 105) ORIGR1          .FILL x0000
(3021) 0000  0000000000000000 ( 106) ORIGR2          .FILL x0000
(3022) 3226  0011001000100110 ( 119) DIV             ST    R1 DIVr1
(3023) 3426  0011010000100110 ( 120)                 ST    R2 DIVr2
(3024) 3626  0011011000100110 ( 121)                 ST    R3 DIVr3
(3025) 3E26  0011111000100110 ( 122)                 ST    R7 DIVr7
(3026) 5621  0101011000100001 ( 124)                 AND   R3 R0 #1
(3027) 1260  0001001001100000 ( 125)                 ADD   R1 R1 #0
(3028) 0604  0000011000000100 ( 126)                 BRZP  DFIXr2
(3029) 927F  1001001001111111 ( 128) DFIXr1          NOT   R1 R1
(302A) 1261  0001001001100001 ( 129)                 ADD   R1 R1 #1
(302B) 96FF  1001011011111111 ( 130)                 NOT   R3 R3
(302C) 16E1  0001011011100001 ( 131)                 ADD   R3 R3 #1
(302D) 14A0  0001010010100000 ( 133) DFIXr2          ADD   R2 R2 #0
(302E) 0C04  0000110000000100 ( 134)                 BRNZ  DERROR
(302F) 94BF  1001010010111111 ( 136)                 NOT   R2 R2
(3030) 14A1  0001010010100001 ( 137)                 ADD   R2 R2 #1
(3031) 96FF  1001011011111111 ( 138)                 NOT   R3 R3
(3032) 16E1  0001011011100001 ( 139)                 ADD   R3 R3 #1
(3033) 14A0  0001010010100000 ( 141) DERROR          ADD   R2 R2 #0
(3034) 0A03  0000101000000011 ( 142)                 BRNP  DLOOP
(3035) 2018  0010000000011000 ( 143)                 LD    R0 ERRMSG
(3036) F021  1111000000100001 ( 144)                 TRAP  x21
(3037) 5020  0101000000100000 ( 145)                 AND   R0 R0 #0
(3038) 1021  0001000000100001 ( 148) DLOOP           ADD   R0 R0 #1
(3039) 1242  0001001001000010 ( 149)                 ADD   R1 R1 R2
(303A) 07FD  0000011111111101 ( 150)                 BRZP  DLOOP
(303B) 103F  0001000000111111 ( 152)                 ADD   R0 R0 #-1
(303C) 94BF  1001010010111111 ( 153)                 NOT   R2 R2
(303D) 14A1  0001010010100001 ( 154)                 ADD   R2 R2 #1
(303E) 1242  0001001001000010 ( 155)                 ADD   R1 R1 R2
(303F) 16E0  0001011011100000 ( 157)                 ADD   R3 R3 #0
(3040) 0C02  0000110000000010 ( 158)                 BRNZ  DRET
(3041) 903F  1001000000111111 ( 159)                 NOT   R0 R0
(3042) 1021  0001000000100001 ( 160)                 ADD   R0 R0 #1
(3043) 3209  0011001000001001 ( 162) DRET            ST    R1 DIVMOD
(3044) 2204  0010001000000100 ( 163)                 LD    R1 DIVr1
(3045) 2404  0010010000000100 ( 164)                 LD    R2 DIVr2
(3046) 2604  0010011000000100 ( 165)                 LD    R3 DIVr3
(3047) 2E04  0010111000000100 ( 166)                 LD    R7 DIVr7
(3048) C1C0  1100000111000000 ( 168)                 RET   
(3049) 0000  0000000000000000 ( 173) DIVr1           .FILL x0000
(304A) 0000  0000000000000000 ( 174) DIVr2           .FILL x0000
(304B) 0000  0000000000000000 ( 175) DIVr3           .FILL x0000
(304C) 0000  0000000000000000 ( 176) DIVr7           .FILL x0000
(304D) 0000  0000000000000000 ( 177) DIVMOD          .FILL x0000
(304E) 0048  0000000001001000 ( 180) ERRMSG          .FILL x0048
(304F) 0069  0000000001101001 ( 180)                 .FILL x0069
(3050) 0020  0000000000100000 ( 180)                 .FILL x0020
(3051) 0079  0000000001111001 ( 180)                 .FILL x0079
(3052) 006F  0000000001101111 ( 180)                 .FILL x006F
(3053) 0075  0000000001110101 ( 180)                 .FILL x0075
(3054) 0020  0000000000100000 ( 180)                 .FILL x0020
(3055) 0068  0000000001101000 ( 180)                 .FILL x0068
(3056) 0061  0000000001100001 ( 180)                 .FILL x0061
(3057) 0076  0000000001110110 ( 180)                 .FILL x0076
(3058) 0065  0000000001100101 ( 180)                 .FILL x0065
(3059) 0020  0000000000100000 ( 180)                 .FILL x0020
(305A) 0061  0000000001100001 ( 180)                 .FILL x0061
(305B) 006E  0000000001101110 ( 180)                 .FILL x006E
(305C) 0020  0000000000100000 ( 180)                 .FILL x0020
(305D) 0065  0000000001100101 ( 180)                 .FILL x0065
(305E) 0072  0000000001110010 ( 180)                 .FILL x0072
(305F) 0072  0000000001110010 ( 180)                 .FILL x0072
(3060) 006F  0000000001101111 ( 180)                 .FILL x006F
(3061) 0072  0000000001110010 ( 180)                 .FILL x0072
(3062) 0020  0000000000100000 ( 180)                 .FILL x0020
(3063) 0062  0000000001100010 ( 180)                 .FILL x0062
(3064) 0079  0000000001111001 ( 180)                 .FILL x0079
(3065) 0065  0000000001100101 ( 180)                 .FILL x0065
(3066) 0000  0000000000000000 ( 180)                 .FILL x0000
(3067) 3E09  0011111000001001 ( 191) MOD             ST    R7 MODr7
(3068) 4FB9  0100111110111001 ( 193)                 JSR   DIV
(3069) 21E3  0010000111100011 ( 194)                 LD    R0 DIVMOD
(306A) 1260  0001001001100000 ( 195)                 ADD   R1 R1 #0
(306B) 0602  0000011000000010 ( 196)                 BRZP  MODRET
(306C) 903F  1001000000111111 ( 197)                 NOT   R0 R0
(306D) 1021  0001000000100001 ( 198)                 ADD   R0 R0 #1
(306E) 2E02  0010111000000010 ( 200) MODRET          LD    R7 MODr7
(306F) C1C0  1100000111000000 ( 201)                 RET   
(3070) C1C0  1100000111000000 ( 204)                 RET   
(3071) 0000  0000000000000000 ( 207) MODr7           .FILL x0000
(3072) 3008  0011000000001000 ( 216) PRINT           ST    R0 R0PRINT
(3073) 3E08  0011111000001000 ( 217)                 ST    R7 R7PRINT
(3074) 480A  0100100000001010 ( 220)                 JSR   TODIGIT
(3075) F021  1111000000100001 ( 221)                 TRAP  x21
(3076) 2007  0010000000000111 ( 223)                 LD    R0 NEWLINE
(3077) F021  1111000000100001 ( 224)                 TRAP  x21
(3078) 2002  0010000000000010 ( 227)                 LD    R0 R0PRINT
(3079) 2E02  0010111000000010 ( 228)                 LD    R7 R7PRINT
(307A) C1C0  1100000111000000 ( 229)                 RET   
(307B) 0000  0000000000000000 ( 233) R0PRINT         .FILL x0000
(307C) 0000  0000000000000000 ( 234) R7PRINT         .FILL x0000
(307D) 002D  0000000000101101 ( 234) HYPHEN          .FILL x002D
(307E) 000A  0000000000001010 ( 235) NEWLINE         .FILL x000A
(307F) 3204  0011001000000100 ( 242) TODIGIT         ST    R1 R1DIGIT
(3080) 2204  0010001000000100 ( 243)                 LD    R1 DIGIT0
(3081) 1001  0001000000000001 ( 244)                 ADD   R0 R0 R1
(3082) 2201  0010001000000001 ( 245)                 LD    R1 R1DIGIT
(3083) C1C0  1100000111000000 ( 246)                 RET   
(3084) 0000  0000000000000000 ( 250) R1DIGIT         .FILL x0000
(3085) 0030  0000000000110000 ( 250) DIGIT0          .FILL x0030
(3086) C1C0  1100000111000000 ( 263) POW             RET   
(3087) C1C0  1100000111000000 ( 275) FACT            RET   
(3088) 3E7E  0011111001111110 ( 299) TEST            ST    R7 R7TEST
(3089) E07E  1110000001111110 ( 301)                 LEA   R0 START
(308A) F022  1111000000100010 ( 302)                 TRAP  x22
(308B) 2498  0010010010011000 ( 305)                 LD    R2 ZERO
(308C) 12A4  0001001010100100 ( 306)                 ADD   R1 R2 #4
(308D) 14A5  0001010010100101 ( 307)                 ADD   R2 R2 #5
(308E) 4F76  0100111101110110 ( 308)                 JSR   PLUS
(308F) 4FE2  0100111111100010 ( 309)                 JSR   PRINT
(3090) 4894  0100100010010100 ( 311)                 JSR   PAUSE
(3091) 2492  0010010010010010 ( 314)                 LD    R2 ZERO
(3092) 12AC  0001001010101100 ( 315)                 ADD   R1 R2 #12
(3093) 14A4  0001010010100100 ( 316)                 ADD   R2 R2 #4
(3094) 4F72  0100111101110010 ( 317)                 JSR   SUB
(3095) 4FDC  0100111111011100 ( 318)                 JSR   PRINT
(3096) 248D  0010010010001101 ( 320)                 LD    R2 ZERO
(3097) 12B8  0001001010111000 ( 321)                 ADD   R1 R2 #-8
(3098) 14A5  0001010010100101 ( 322)                 ADD   R2 R2 #5
(3099) 4F6D  0100111101101101 ( 323)                 JSR   SUB
(309A) 4FD7  0100111111010111 ( 324)                 JSR   PRINT
(309B) 2488  0010010010001000 ( 326)                 LD    R2 ZERO
(309C) 12AA  0001001010101010 ( 327)                 ADD   R1 R2 #10
(309D) 14BA  0001010010111010 ( 328)                 ADD   R2 R2 #-6
(309E) 4F68  0100111101101000 ( 329)                 JSR   SUB
(309F) 4FD2  0100111111010010 ( 330)                 JSR   PRINT
(30A0) 2483  0010010010000011 ( 332)                 LD    R2 ZERO
(30A1) 12B7  0001001010110111 ( 333)                 ADD   R1 R2 #-9
(30A2) 14BD  0001010010111101 ( 334)                 ADD   R2 R2 #-3
(30A3) 4F63  0100111101100011 ( 335)                 JSR   SUB
(30A4) 4FCD  0100111111001101 ( 336)                 JSR   PRINT
(30A5) 487F  0100100001111111 ( 338)                 JSR   PAUSE
(30A6) 247D  0010010001111101 ( 341)                 LD    R2 ZERO
(30A7) 12A8  0001001010101000 ( 342)                 ADD   R1 R2 #8
(30A8) 14A3  0001010010100011 ( 343)                 ADD   R2 R2 #3
(30A9) 4F64  0100111101100100 ( 344)                 JSR   MULT
(30AA) 4FC7  0100111111000111 ( 345)                 JSR   PRINT
(30AB) 2478  0010010001111000 ( 347)                 LD    R2 ZERO
(30AC) 12A4  0001001010100100 ( 348)                 ADD   R1 R2 #4
(30AD) 14BD  0001010010111101 ( 349)                 ADD   R2 R2 #-3
(30AE) 4F5F  0100111101011111 ( 350)                 JSR   MULT
(30AF) 4FC2  0100111111000010 ( 351)                 JSR   PRINT
(30B0) 2473  0010010001110011 ( 353)                 LD    R2 ZERO
(30B1) 12BE  0001001010111110 ( 354)                 ADD   R1 R2 #-2
(30B2) 14A5  0001010010100101 ( 355)                 ADD   R2 R2 #5
(30B3) 4F5A  0100111101011010 ( 356)                 JSR   MULT
(30B4) 4FBD  0100111110111101 ( 357)                 JSR   PRINT
(30B5) 246E  0010010001101110 ( 359)                 LD    R2 ZERO
(30B6) 12BB  0001001010111011 ( 360)                 ADD   R1 R2 #-5
(30B7) 14BA  0001010010111010 ( 361)                 ADD   R2 R2 #-6
(30B8) 4F55  0100111101010101 ( 362)                 JSR   MULT
(30B9) 4FB8  0100111110111000 ( 363)                 JSR   PRINT
(30BA) 2469  0010010001101001 ( 365)                 LD    R2 ZERO
(30BB) 12A0  0001001010100000 ( 366)                 ADD   R1 R2 #0
(30BC) 14A3  0001010010100011 ( 367)                 ADD   R2 R2 #3
(30BD) 4F50  0100111101010000 ( 368)                 JSR   MULT
(30BE) 4FB3  0100111110110011 ( 369)                 JSR   PRINT
(30BF) 2464  0010010001100100 ( 371)                 LD    R2 ZERO
(30C0) 12A7  0001001010100111 ( 372)                 ADD   R1 R2 #7
(30C1) 14A0  0001010010100000 ( 373)                 ADD   R2 R2 #0
(30C2) 4F4B  0100111101001011 ( 374)                 JSR   MULT
(30C3) 4FAE  0100111110101110 ( 375)                 JSR   PRINT
(30C4) 245F  0010010001011111 ( 377)                 LD    R2 ZERO
(30C5) 12A0  0001001010100000 ( 378)                 ADD   R1 R2 #0
(30C6) 14A0  0001010010100000 ( 379)                 ADD   R2 R2 #0
(30C7) 4F46  0100111101000110 ( 380)                 JSR   MULT
(30C8) 4FA9  0100111110101001 ( 381)                 JSR   PRINT
(30C9) 485B  0100100001011011 ( 383)                 JSR   PAUSE
(30CA) 2459  0010010001011001 ( 386)                 LD    R2 ZERO
(30CB) 12AB  0001001010101011 ( 387)                 ADD   R1 R2 #11
(30CC) 14A4  0001010010100100 ( 388)                 ADD   R2 R2 #4
(30CD) 4F54  0100111101010100 ( 389)                 JSR   DIV
(30CE) 4FA3  0100111110100011 ( 390)                 JSR   PRINT
(30CF) 4F97  0100111110010111 ( 391)                 JSR   MOD
(30D0) 4FA1  0100111110100001 ( 392)                 JSR   PRINT
(30D1) 4853  0100100001010011 ( 394)                 JSR   PAUSE
(30D2) 2451  0010010001010001 ( 396)                 LD    R2 ZERO
(30D3) 12B4  0001001010110100 ( 397)                 ADD   R1 R2 #-12
(30D4) 14A4  0001010010100100 ( 398)                 ADD   R2 R2 #4
(30D5) 4F4C  0100111101001100 ( 399)                 JSR   DIV
(30D6) 4F9B  0100111110011011 ( 400)                 JSR   PRINT
(30D7) 4F8F  0100111110001111 ( 401)                 JSR   MOD
(30D8) 4F99  0100111110011001 ( 402)                 JSR   PRINT
(30D9) 484B  0100100001001011 ( 404)                 JSR   PAUSE
(30DA) 2449  0010010001001001 ( 406)                 LD    R2 ZERO
(30DB) 12AD  0001001010101101 ( 407)                 ADD   R1 R2 #13
(30DC) 14BE  0001010010111110 ( 408)                 ADD   R2 R2 #-2
(30DD) 4F44  0100111101000100 ( 409)                 JSR   DIV
(30DE) 4F93  0100111110010011 ( 410)                 JSR   PRINT
(30DF) 4F87  0100111110000111 ( 411)                 JSR   MOD
(30E0) 4F91  0100111110010001 ( 412)                 JSR   PRINT
(30E1) 4843  0100100001000011 ( 414)                 JSR   PAUSE
(30E2) 2441  0010010001000001 ( 416)                 LD    R2 ZERO
(30E3) 12B7  0001001010110111 ( 417)                 ADD   R1 R2 #-9
(30E4) 14BC  0001010010111100 ( 418)                 ADD   R2 R2 #-4
(30E5) 4F3C  0100111100111100 ( 419)                 JSR   DIV
(30E6) 4F8B  0100111110001011 ( 420)                 JSR   PRINT
(30E7) 4F7F  0100111101111111 ( 421)                 JSR   MOD
(30E8) 4F89  0100111110001001 ( 422)                 JSR   PRINT
(30E9) 483B  0100100000111011 ( 424)                 JSR   PAUSE
(30EA) 2439  0010010000111001 ( 426)                 LD    R2 ZERO
(30EB) 12A0  0001001010100000 ( 427)                 ADD   R1 R2 #0
(30EC) 14A4  0001010010100100 ( 428)                 ADD   R2 R2 #4
(30ED) 4F34  0100111100110100 ( 429)                 JSR   DIV
(30EE) 4F83  0100111110000011 ( 430)                 JSR   PRINT
(30EF) 4F77  0100111101110111 ( 431)                 JSR   MOD
(30F0) 4F81  0100111110000001 ( 432)                 JSR   PRINT
(30F1) 4833  0100100000110011 ( 434)                 JSR   PAUSE
(30F2) 2431  0010010000110001 ( 436)                 LD    R2 ZERO
(30F3) 12AB  0001001010101011 ( 437)                 ADD   R1 R2 #11
(30F4) 14A0  0001010010100000 ( 438)                 ADD   R2 R2 #0
(30F5) 4F2C  0100111100101100 ( 439)                 JSR   DIV
(30F6) 4F7B  0100111101111011 ( 440)                 JSR   PRINT
(30F7) 4F6F  0100111101101111 ( 441)                 JSR   MOD
(30F8) 4F79  0100111101111001 ( 442)                 JSR   PRINT
(30F9) 482B  0100100000101011 ( 444)                 JSR   PAUSE
(30FA) 2429  0010010000101001 ( 447)                 LD    R2 ZERO
(30FB) 12A3  0001001010100011 ( 448)                 ADD   R1 R2 #3
(30FC) 14A5  0001010010100101 ( 449)                 ADD   R2 R2 #5
(30FD) 4F88  0100111110001000 ( 450)                 JSR   POW
(30FE) 4F73  0100111101110011 ( 451)                 JSR   PRINT
(30FF) 4825  0100100000100101 ( 453)                 JSR   PAUSE
(3100) 2223  0010001000100011 ( 456)                 LD    R1 ZERO
(3101) 1267  0001001001100111 ( 457)                 ADD   R1 R1 #7
(3102) 4F84  0100111110000100 ( 458)                 JSR   FACT
(3103) 4F6E  0100111101101110 ( 459)                 JSR   PRINT
(3104) 4820  0100100000100000 ( 461)                 JSR   PAUSE
(3105) 2E01  0010111000000001 ( 464)                 LD    R7 R7TEST
(3106) C1C0  1100000111000000 ( 465)                 RET   
(3107) 0000  0000000000000000 ( 469) R7TEST          .FILL x0000
(3108) 003D  0000000000111101 ( 469) START           .FILL x003D
(3109) 003D  0000000000111101 ( 469)                 .FILL x003D
(310A) 003D  0000000000111101 ( 469)                 .FILL x003D
(310B) 003D  0000000000111101 ( 469)                 .FILL x003D
(310C) 003D  0000000000111101 ( 469)                 .FILL x003D
(310D) 0020  0000000000100000 ( 469)                 .FILL x0020
(310E) 0053  0000000001010011 ( 469)                 .FILL x0053
(310F) 0054  0000000001010100 ( 469)                 .FILL x0054
(3110) 0041  0000000001000001 ( 469)                 .FILL x0041
(3111) 0052  0000000001010010 ( 469)                 .FILL x0052
(3112) 0054  0000000001010100 ( 469)                 .FILL x0054
(3113) 0020  0000000000100000 ( 469)                 .FILL x0020
(3114) 004F  0000000001001111 ( 469)                 .FILL x004F
(3115) 0046  0000000001000110 ( 469)                 .FILL x0046
(3116) 0020  0000000000100000 ( 469)                 .FILL x0020
(3117) 0054  0000000001010100 ( 469)                 .FILL x0054
(3118) 0045  0000000001000101 ( 469)                 .FILL x0045
(3119) 0053  0000000001010011 ( 469)                 .FILL x0053
(311A) 0054  0000000001010100 ( 469)                 .FILL x0054
(311B) 0053  0000000001010011 ( 469)                 .FILL x0053
(311C) 0020  0000000000100000 ( 469)                 .FILL x0020
(311D) 003D  0000000000111101 ( 469)                 .FILL x003D
(311E) 003D  0000000000111101 ( 469)                 .FILL x003D
(311F) 003D  0000000000111101 ( 469)                 .FILL x003D
(3120) 003D  0000000000111101 ( 469)                 .FILL x003D
(3121) 003D  0000000000111101 ( 469)                 .FILL x003D
(3122) 000A  0000000000001010 ( 469)                 .FILL x000A
(3123) 0000  0000000000000000 ( 469)                 .FILL x0000
(3124) 0000  0000000000000000 ( 470) ZERO            .FILL x0000
(3125) 3007  0011000000000111 ( 475) PAUSE           ST    R0 R0PAUSE
(3126) 3E07  0011111000000111 ( 476)                 ST    R7 R7PAUSE
(3127) E007  1110000000000111 ( 477)                 LEA   R0 CONTMSG
(3128) F022  1111000000100010 ( 478)                 TRAP  x22
(3129) F020  1111000000100000 ( 479)                 TRAP  x20
(312A) 2E03  0010111000000011 ( 480)                 LD    R7 R7PAUSE
(312B) 2001  0010000000000001 ( 481)                 LD    R0 R0PAUSE
(312C) C1C0  1100000111000000 ( 482)                 RET   
(312D) 0000  0000000000000000 ( 485) R0PAUSE         .FILL x0000
(312E) 0000  0000000000000000 ( 486) R7PAUSE         .FILL x0000
(312F) 002D  0000000000101101 ( 486) CONTMSG         .FILL x002D
(3130) 002D  0000000000101101 ( 486)                 .FILL x002D
(3131) 002D  0000000000101101 ( 486)                 .FILL x002D
(3132) 002D  0000000000101101 ( 486)                 .FILL x002D
(3133) 002D  0000000000101101 ( 486)                 .FILL x002D
(3134) 0020  0000000000100000 ( 486)                 .FILL x0020
(3135) 0050  0000000001010000 ( 486)                 .FILL x0050
(3136) 0072  0000000001110010 ( 486)                 .FILL x0072
(3137) 0065  0000000001100101 ( 486)                 .FILL x0065
(3138) 0073  0000000001110011 ( 486)                 .FILL x0073
(3139) 0073  0000000001110011 ( 486)                 .FILL x0073
(313A) 0020  0000000000100000 ( 486)                 .FILL x0020
(313B) 005B  0000000001011011 ( 486)                 .FILL x005B
(313C) 0053  0000000001010011 ( 486)                 .FILL x0053
(313D) 0050  0000000001010000 ( 486)                 .FILL x0050
(313E) 0041  0000000001000001 ( 486)                 .FILL x0041
(313F) 0043  0000000001000011 ( 486)                 .FILL x0043
(3140) 0045  0000000001000101 ( 486)                 .FILL x0045
(3141) 005D  0000000001011101 ( 486)                 .FILL x005D
(3142) 0020  0000000000100000 ( 486)                 .FILL x0020
(3143) 0066  0000000001100110 ( 486)                 .FILL x0066
(3144) 006F  0000000001101111 ( 486)                 .FILL x006F
(3145) 0072  0000000001110010 ( 486)                 .FILL x0072
(3146) 0020  0000000000100000 ( 486)                 .FILL x0020
(3147) 0074  0000000001110100 ( 486)                 .FILL x0074
(3148) 0068  0000000001101000 ( 486)                 .FILL x0068
(3149) 0065  0000000001100101 ( 486)                 .FILL x0065
(314A) 0020  0000000000100000 ( 486)                 .FILL x0020
(314B) 006E  0000000001101110 ( 486)                 .FILL x006E
(314C) 0065  0000000001100101 ( 486)                 .FILL x0065
(314D) 0078  0000000001111000 ( 486)                 .FILL x0078
(314E) 0074  0000000001110100 ( 486)                 .FILL x0074
(314F) 0020  0000000000100000 ( 486)                 .FILL x0020
(3150) 0074  0000000001110100 ( 486)                 .FILL x0074
(3151) 0065  0000000001100101 ( 486)                 .FILL x0065
(3152) 0073  0000000001110011 ( 486)                 .FILL x0073
(3153) 0074  0000000001110100 ( 486)                 .FILL x0074
(3154) 0020  0000000000100000 ( 486)                 .FILL x0020
(3155) 002D  0000000000101101 ( 486)                 .FILL x002D
(3156) 002D  0000000000101101 ( 486)                 .FILL x002D
(3157) 002D  0000000000101101 ( 486)                 .FILL x002D
(3158) 002D  0000000000101101 ( 486)                 .FILL x002D
(3159) 002D  0000000000101101 ( 486)                 .FILL x002D
(315A) 000A  0000000000001010 ( 486)                 .FILL x000A
(315B) 0000  0000000000000000 ( 486)                 .FILL x0000
(315C) E005  1110000000000101 ( 491) STOP            LEA   R0 END
(315D) F022  1111000000100010 ( 492)                 TRAP  x22
(315E) 5020  0101000000100000 ( 493)                 AND   R0 R0 #0
(315F) 2201  0010001000000001 ( 494)                 LD    R1 STATUS
(3160) 7040  0111000001000000 ( 495)                 STR   R0 R1 #0
(3161) FFFE  1111111111111110 ( 497) STATUS          .FILL xFFFE
(3162) 003D  0000000000111101 ( 498) END             .FILL x003D
(3163) 003D  0000000000111101 ( 498)                 .FILL x003D
(3164) 003D  0000000000111101 ( 498)                 .FILL x003D
(3165) 003D  0000000000111101 ( 498)                 .FILL x003D
(3166) 003D  0000000000111101 ( 498)                 .FILL x003D
(3167) 003D  0000000000111101 ( 498)                 .FILL x003D
(3168) 0020  0000000000100000 ( 498)                 .FILL x0020
(3169) 0045  0000000001000101 ( 498)                 .FILL x0045
(316A) 004E  0000000001001110 ( 498)                 .FILL x004E
(316B) 0044  0000000001000100 ( 498)                 .FILL x0044
(316C) 0020  0000000000100000 ( 498)                 .FILL x0020
(316D) 004F  0000000001001111 ( 498)                 .FILL x004F
(316E) 0046  0000000001000110 ( 498)                 .FILL x0046
(316F) 0020  0000000000100000 ( 498)                 .FILL x0020
(3170) 0054  0000000001010100 ( 498)                 .FILL x0054
(3171) 0045  0000000001000101 ( 498)                 .FILL x0045
(3172) 0053  0000000001010011 ( 498)                 .FILL x0053
(3173) 0054  0000000001010100 ( 498)                 .FILL x0054
(3174) 0053  0000000001010011 ( 498)                 .FILL x0053
(3175) 0020  0000000000100000 ( 498)                 .FILL x0020
(3176) 003D  0000000000111101 ( 498)                 .FILL x003D
(3177) 003D  0000000000111101 ( 498)                 .FILL x003D
(3178) 003D  0000000000111101 ( 498)                 .FILL x003D
(3179) 003D  0000000000111101 ( 498)                 .FILL x003D
(317A) 003D  0000000000111101 ( 498)                 .FILL x003D
(317B) 003D  0000000000111101 ( 498)                 .FILL x003D
(317C) 000A  0000000000001010 ( 498)                 .FILL x000A
(317D) 0000  0000000000000000 ( 498)                 .FILL x0000
